e:\downloads\asteroids (1)\asteroids (1)\asteroids\asteroids\debug\vc143.pdb
e:\downloads\asteroids (1)\asteroids (1)\asteroids\asteroids\debug\vc143.idb
e:\downloads\asteroids (1)\asteroids (1)\asteroids\asteroids\debug\texturemanager.obj
e:\downloads\asteroids (1)\asteroids (1)\asteroids\asteroids\debug\gameloop.obj
e:\downloads\asteroids (1)\asteroids (1)\asteroids\asteroids\debug\mob.obj
e:\downloads\asteroids (1)\asteroids (1)\asteroids\asteroids\debug\main.obj
e:\downloads\asteroids (1)\asteroids (1)\asteroids\asteroids\debug\asteroid.obj
e:\downloads\asteroids (1)\asteroids (1)\asteroids\asteroids\debug\projectile.obj
e:\downloads\asteroids (1)\asteroids (1)\asteroids\asteroids\debug\player.obj
e:\downloads\asteroids (1)\asteroids (1)\asteroids\asteroids\debug\enemyship.obj
e:\downloads\asteroids (1)\asteroids (1)\asteroids\debug\asteroids.exe
e:\downloads\asteroids (1)\asteroids (1)\asteroids\asteroids\debug\asteroids.ilk
e:\downloads\asteroids (1)\asteroids (1)\asteroids\debug\asteroids.pdb
e:\downloads\asteroids (1)\asteroids (1)\asteroids\asteroids\debug\asteroids.tlog\cl.command.1.tlog
e:\downloads\asteroids (1)\asteroids (1)\asteroids\asteroids\debug\asteroids.tlog\cl.read.1.tlog
e:\downloads\asteroids (1)\asteroids (1)\asteroids\asteroids\debug\asteroids.tlog\cl.write.1.tlog
e:\downloads\asteroids (1)\asteroids (1)\asteroids\asteroids\debug\asteroids.tlog\link.read.1.tlog
e:\downloads\asteroids (1)\asteroids (1)\asteroids\asteroids\debug\asteroids.tlog\link.write.1.tlog
e:\downloads\asteroids (1)\asteroids (1)\asteroids\asteroids\debug\asteroids.tlog\link.command.1.tlog
e:\downloads\asteroids (1)\asteroids (1)\asteroids\asteroids\debug\asteroids.tlog\cl.items.tlog
